0 info it worked if it ends with ok
1 verbose cli [ '/usr/local/bin/node',
1 verbose cli   '/usr/local/bin/npm',
1 verbose cli   'install',
1 verbose cli   '-g',
1 verbose cli   'wathify' ]
2 info using npm@1.4.28
3 info using node@v0.10.33
4 verbose cache add [ 'wathify', null ]
5 verbose cache add name=undefined spec="wathify" args=["wathify",null]
6 verbose parsed url { protocol: null,
6 verbose parsed url   slashes: null,
6 verbose parsed url   auth: null,
6 verbose parsed url   host: null,
6 verbose parsed url   port: null,
6 verbose parsed url   hostname: null,
6 verbose parsed url   hash: null,
6 verbose parsed url   search: null,
6 verbose parsed url   query: null,
6 verbose parsed url   pathname: 'wathify',
6 verbose parsed url   path: 'wathify',
6 verbose parsed url   href: 'wathify' }
7 silly lockFile 1c08e3cc-wathify wathify
8 verbose lock wathify /Users/intipiolanti/.npm/1c08e3cc-wathify.lock
9 silly lockFile 1c08e3cc-wathify wathify
10 silly lockFile 1c08e3cc-wathify wathify
11 verbose addNamed [ 'wathify', '' ]
12 verbose addNamed [ null, '*' ]
13 silly lockFile fb1b074f-wathify wathify@
14 verbose lock wathify@ /Users/intipiolanti/.npm/fb1b074f-wathify.lock
15 silly addNameRange { name: 'wathify', range: '*', hasData: false }
16 verbose request where is /wathify
17 verbose request registry https://registry.npmjs.org/
18 verbose request id c7ec1fc0245dfe32
19 verbose url raw /wathify
20 verbose url resolving [ 'https://registry.npmjs.org/', './wathify' ]
21 verbose url resolved https://registry.npmjs.org/wathify
22 verbose request where is https://registry.npmjs.org/wathify
23 info trying registry request attempt 1 at 23:31:14
24 http GET https://registry.npmjs.org/wathify
25 http 404 https://registry.npmjs.org/wathify
26 silly registry.get cb [ 404,
26 silly registry.get   { 'content-type': 'application/json',
26 silly registry.get     'cache-control': 'max-age=0',
26 silly registry.get     'content-length': '2',
26 silly registry.get     'accept-ranges': 'bytes',
26 silly registry.get     date: 'Tue, 25 Aug 2015 02:31:15 GMT',
26 silly registry.get     via: '1.1 varnish',
26 silly registry.get     age: '0',
26 silly registry.get     connection: 'keep-alive',
26 silly registry.get     'x-served-by': 'cache-atl6229-ATL',
26 silly registry.get     'x-cache': 'MISS',
26 silly registry.get     'x-cache-hits': '0',
26 silly registry.get     'x-timer': 'S1440469875.759228,VS0,VE116' } ]
27 silly lockFile fb1b074f-wathify wathify@
28 silly lockFile fb1b074f-wathify wathify@
29 error 404 Not Found
29 error 404
29 error 404 'wathify' is not in the npm registry.
29 error 404 You should bug the author to publish it
29 error 404
29 error 404 Note that you can also install from a
29 error 404 tarball, folder, or http url, or git url.
30 error System Darwin 14.3.0
31 error command "/usr/local/bin/node" "/usr/local/bin/npm" "install" "-g" "wathify"
32 error cwd /Users/intipiolanti/Dev/voice-command-dispatcher
33 error node -v v0.10.33
34 error npm -v 1.4.28
35 error code E404
36 verbose exit [ 1, true ]
